c:\users\nyvl8\source\repos\cseminar\cseminar\x64\debug\vc143.pdb
c:\users\nyvl8\source\repos\cseminar\cseminar\x64\debug\vc143.idb
c:\users\nyvl8\source\repos\cseminar\cseminar\x64\debug\cseminarlsn3e1.obj
c:\users\nyvl8\source\repos\cseminar\cseminar\x64\debug\cseminar.obj
c:\users\nyvl8\source\repos\cseminar\cseminar\x64\debug\cseminarlsn4e1.obj
c:\users\nyvl8\source\repos\cseminar\cseminar\x64\debug\cseminarl228.obj
c:\users\nyvl8\source\repos\cseminar\cseminar\x64\debug\cseminarl3108.obj
c:\users\nyvl8\source\repos\cseminar\cseminar\x64\debug\cseminarhwstruct.obj
c:\users\nyvl8\source\repos\cseminar\cseminar\x64\debug\cseminarlswcase.obj
c:\users\nyvl8\source\repos\cseminar\cseminar\x64\debug\cseminarlstructhw.obj
c:\users\nyvl8\source\repos\cseminar\cseminar\x64\debug\examplelinkedlist.obj
c:\users\nyvl8\source\repos\cseminar\cseminar\x64\debug\cseminartokenstr.obj
c:\users\nyvl8\source\repos\cseminar\cseminar\x64\debug\cseminaroscarlist.obj
c:\users\nyvl8\source\repos\cseminar\cseminar\x64\debug\cseminar.ilk
c:\users\nyvl8\source\repos\cseminar\x64\debug\cseminar.exe
c:\users\nyvl8\source\repos\cseminar\x64\debug\cseminar.pdb
c:\users\nyvl8\source\repos\cseminar\cseminar\x64\debug\cseminarlsn3e1.obj.enc
c:\users\nyvl8\source\repos\cseminar\cseminar\x64\debug\cseminar.tlog\cl.command.1.tlog
c:\users\nyvl8\source\repos\cseminar\cseminar\x64\debug\cseminar.tlog\cl.read.1.tlog
c:\users\nyvl8\source\repos\cseminar\cseminar\x64\debug\cseminar.tlog\cl.write.1.tlog
c:\users\nyvl8\source\repos\cseminar\cseminar\x64\debug\cseminar.tlog\link-cvtres.read.1.tlog
c:\users\nyvl8\source\repos\cseminar\cseminar\x64\debug\cseminar.tlog\link-cvtres.write.1.tlog
c:\users\nyvl8\source\repos\cseminar\cseminar\x64\debug\cseminar.tlog\link-rc.read.1.tlog
c:\users\nyvl8\source\repos\cseminar\cseminar\x64\debug\cseminar.tlog\link-rc.write.1.tlog
c:\users\nyvl8\source\repos\cseminar\cseminar\x64\debug\cseminar.tlog\link.command.1.tlog
c:\users\nyvl8\source\repos\cseminar\cseminar\x64\debug\cseminar.tlog\link.read.1.tlog
c:\users\nyvl8\source\repos\cseminar\cseminar\x64\debug\cseminar.tlog\link.read.2.tlog
c:\users\nyvl8\source\repos\cseminar\cseminar\x64\debug\cseminar.tlog\link.write.1.tlog
